-------------------------------------------------------------------------------
Test set: TestSearchCheese
-------------------------------------------------------------------------------
Tests run: 2, Failures: 1, Errors: 0, Skipped: 0, Time elapsed: 8.25 sec <<< FAILURE!
TestSearchCheese.testSearchCheese()  Time elapsed: 4.162 sec  <<< FAILURE!
java.lang.NullPointerException
	at TestSearchCheese.testSearchCheese(TestSearchCheese.java:88)
